<?xml version="1.0" encoding="UTF-8"?>
<!-- Generated by org.testng.reporters.JUnitReportReporter -->
<testsuite hostname="DESKTOP-MA9UMF9" failures="0" tests="1" name="com.qa.Testcases.HomePageTest" time="29.329" errors="0" timestamp="17 Sep 2020 23:08:59 GMT">
  <testcase classname="com.qa.Testcases.HomePageTest" name="HomePageTitleTest" time="29.329"/>
</testsuite> <!-- com.qa.Testcases.HomePageTest -->
